::1 - - [18/Mar/2023:10:33:35 +0000] "GET /home HTTP/1.1" 200 6 "-" "PostmanRuntime/7.31.0"
::1 - - [18/Mar/2023:10:36:41 +0000] "GET /home HTTP/1.1" 200 6 "-" "PostmanRuntime/7.31.0"
::1 - - [18/Mar/2023:10:39:10 +0000] "GET /api/v1/user HTTP/1.1" 500 31 "-" "Mozilla/5.0 (Windows NT 10.0; Win64; x64) AppleWebKit/537.36 (KHTML, like Gecko) Chrome/111.0.0.0 Safari/537.36"
::1 - - [18/Mar/2023:10:39:11 +0000] "GET /favicon.ico HTTP/1.1" 404 16 "-" "Mozilla/5.0 (Windows NT 10.0; Win64; x64) AppleWebKit/537.36 (KHTML, like Gecko) Chrome/111.0.0.0 Safari/537.36"
::1 - - [18/Mar/2023:10:39:11 +0000] "GET /api/v1/user HTTP/1.1" 500 31 "-" "PostmanRuntime/7.31.0"
::1 - - [18/Mar/2023:10:39:40 +0000] "GET /api/v1/user HTTP/1.1" 500 31 "-" "PostmanRuntime/7.31.0"
::1 - - [18/Mar/2023:10:41:01 +0000] "GET /api/v1/user HTTP/1.1" 500 31 "-" "PostmanRuntime/7.31.0"
::1 - - [18/Mar/2023:10:41:37 +0000] "GET /api/v1/user HTTP/1.1" 500 31 "-" "PostmanRuntime/7.31.0"
::1 - - [18/Mar/2023:10:42:10 +0000] "GET /api/v1/user HTTP/1.1" 200 11 "-" "PostmanRuntime/7.31.0"
::1 - - [18/Mar/2023:10:44:07 +0000] "GET /api/v1/user HTTP/1.1" 200 11 "-" "PostmanRuntime/7.31.0"
::1 - - [18/Mar/2023:10:47:14 +0000] "GET /api/v1/user HTTP/1.1" 200 11 "-" "PostmanRuntime/7.31.0"
::1 - - [18/Mar/2023:10:59:50 +0000] "GET /api/v1/user HTTP/1.1" 401 32 "-" "PostmanRuntime/7.31.0"
::1 - - [18/Mar/2023:11:10:11 +0000] "GET /api/v1/user HTTP/1.1" 401 32 "-" "PostmanRuntime/7.31.0"
::1 - - [18/Mar/2023:11:10:25 +0000] "GET /api/v1/user HTTP/1.1" 200 11 "-" "PostmanRuntime/7.31.0"
::1 - - [18/Mar/2023:11:21:36 +0000] "POST /api/v1/auth/signup HTTP/1.1" 400 27 "-" "PostmanRuntime/7.31.0"
::1 - - [18/Mar/2023:11:22:28 +0000] "POST /api/v1/auth/signup HTTP/1.1" 500 31 "-" "PostmanRuntime/7.31.0"
::1 - - [18/Mar/2023:11:22:39 +0000] "POST /api/v1/auth/signup HTTP/1.1" 500 31 "-" "PostmanRuntime/7.31.0"
::1 - - [18/Mar/2023:11:23:06 +0000] "POST /api/v1/auth/signup HTTP/1.1" 500 31 "-" "PostmanRuntime/7.31.0"
::1 - - [18/Mar/2023:11:24:10 +0000] "POST /api/v1/auth/signup HTTP/1.1" 500 31 "-" "PostmanRuntime/7.31.0"
::1 - - [18/Mar/2023:11:24:41 +0000] "POST /api/v1/auth/signup HTTP/1.1" 500 31 "-" "PostmanRuntime/7.31.0"
::1 - - [18/Mar/2023:11:25:00 +0000] "POST /api/v1/auth/signup HTTP/1.1" 500 31 "-" "PostmanRuntime/7.31.0"
::1 - - [18/Mar/2023:11:26:00 +0000] "POST /api/v1/auth/signup HTTP/1.1" 500 31 "-" "PostmanRuntime/7.31.0"
::1 - - [18/Mar/2023:11:26:09 +0000] "POST /api/v1/auth/signup HTTP/1.1" 500 31 "-" "PostmanRuntime/7.31.0"
::1 - - [18/Mar/2023:11:26:34 +0000] "POST /api/v1/auth/signup HTTP/1.1" 500 31 "-" "PostmanRuntime/7.31.0"
::1 - - [18/Mar/2023:11:26:35 +0000] "POST /api/v1/auth/signup HTTP/1.1" 500 31 "-" "PostmanRuntime/7.31.0"
::1 - - [18/Mar/2023:11:26:56 +0000] "POST /api/v1/auth/signup HTTP/1.1" 500 31 "-" "PostmanRuntime/7.31.0"
::1 - - [18/Mar/2023:11:27:45 +0000] "POST /api/v1/auth/signup HTTP/1.1" 500 31 "-" "PostmanRuntime/7.31.0"
::1 - - [18/Mar/2023:11:28:05 +0000] "POST /api/v1/auth/signup HTTP/1.1" 201 314 "-" "PostmanRuntime/7.31.0"
::1 - - [18/Mar/2023:11:34:21 +0000] "POST /api/v1/auth/login HTTP/1.1" 500 31 "-" "PostmanRuntime/7.31.0"
::1 - - [18/Mar/2023:11:34:54 +0000] "POST /api/v1/auth/login HTTP/1.1" 500 31 "-" "PostmanRuntime/7.31.0"
::1 - - [18/Mar/2023:11:35:48 +0000] "POST /api/v1/auth/login HTTP/1.1" 500 31 "-" "PostmanRuntime/7.31.0"
::1 - - [18/Mar/2023:11:36:07 +0000] "POST /api/v1/auth/login HTTP/1.1" 500 31 "-" "PostmanRuntime/7.31.0"
::1 - - [18/Mar/2023:11:36:45 +0000] "POST /api/v1/auth/login HTTP/1.1" 201 501 "-" "PostmanRuntime/7.31.0"
::1 - - [18/Mar/2023:11:37:12 +0000] "POST /api/v1/auth/login HTTP/1.1" 201 501 "-" "PostmanRuntime/7.31.0"
::1 - - [18/Mar/2023:11:44:39 +0000] "POST /api/v1/auth/login HTTP/1.1" 201 981 "-" "PostmanRuntime/7.31.0"
::1 - - [18/Mar/2023:11:44:59 +0000] "POST /api/v1/auth/login HTTP/1.1" 201 981 "-" "PostmanRuntime/7.31.0"
::1 - - [18/Mar/2023:11:45:17 +0000] "POST /api/v1/auth/login HTTP/1.1" 201 981 "-" "PostmanRuntime/7.31.0"
::1 - - [18/Mar/2023:11:45:59 +0000] "POST /api/v1/auth/login HTTP/1.1" 201 981 "-" "PostmanRuntime/7.31.0"
::1 - - [18/Mar/2023:11:48:28 +0000] "POST /api/v1/auth/login HTTP/1.1" 201 981 "-" "PostmanRuntime/7.31.0"
::1 - - [18/Mar/2023:11:49:27 +0000] "POST /api/v1/auth/login HTTP/1.1" 201 501 "-" "PostmanRuntime/7.31.0"
::1 - - [18/Mar/2023:11:52:20 +0000] "POST /api/v1/auth/login HTTP/1.1" 201 501 "-" "PostmanRuntime/7.31.0"
::1 - - [18/Mar/2023:11:55:02 +0000] "POST /api/v1/auth/login HTTP/1.1" 201 501 "-" "PostmanRuntime/7.31.0"
::1 - - [18/Mar/2023:11:56:30 +0000] "POST /api/v1/auth/login HTTP/1.1" 500 31 "-" "PostmanRuntime/7.31.0"
::1 - - [18/Mar/2023:11:56:58 +0000] "POST /api/v1/auth/login HTTP/1.1" 201 285 "-" "PostmanRuntime/7.31.0"
::1 - - [18/Mar/2023:11:59:30 +0000] "POST /api/v1/auth/login HTTP/1.1" 401 36 "-" "PostmanRuntime/7.31.0"
::1 - - [18/Mar/2023:12:00:10 +0000] "POST /api/v1/auth/signup HTTP/1.1" 500 31 "-" "PostmanRuntime/7.31.0"
::1 - - [18/Mar/2023:12:00:55 +0000] "POST /api/v1/auth/signup HTTP/1.1" 500 31 "-" "PostmanRuntime/7.31.0"
::1 - - [18/Mar/2023:12:01:32 +0000] "POST /api/v1/auth/signup HTTP/1.1" 500 31 "-" "PostmanRuntime/7.31.0"
::1 - - [18/Mar/2023:12:01:34 +0000] "POST /api/v1/auth/signup HTTP/1.1" 500 31 "-" "PostmanRuntime/7.31.0"
::1 - - [18/Mar/2023:12:02:00 +0000] "POST /api/v1/auth/signup HTTP/1.1" 500 31 "-" "PostmanRuntime/7.31.0"
::1 - - [18/Mar/2023:12:02:23 +0000] "POST /api/v1/auth/login HTTP/1.1" 401 36 "-" "PostmanRuntime/7.31.0"
::1 - - [18/Mar/2023:12:03:10 +0000] "POST /api/v1/auth/login HTTP/1.1" 201 501 "-" "PostmanRuntime/7.31.0"
::1 - - [18/Mar/2023:12:03:32 +0000] "POST /api/v1/auth/login HTTP/1.1" 201 501 "-" "PostmanRuntime/7.31.0"
::1 - - [18/Mar/2023:12:04:15 +0000] "POST /api/v1/auth/login HTTP/1.1" 201 501 "-" "PostmanRuntime/7.31.0"
::1 - - [18/Mar/2023:12:04:52 +0000] "POST /api/v1/auth/login HTTP/1.1" 201 501 "-" "PostmanRuntime/7.31.0"
::1 - - [18/Mar/2023:12:06:08 +0000] "POST /api/v1/auth/login HTTP/1.1" 500 31 "-" "PostmanRuntime/7.31.0"
::1 - - [18/Mar/2023:12:06:20 +0000] "POST /api/v1/auth/login HTTP/1.1" 201 501 "-" "PostmanRuntime/7.31.0"
::1 - - [18/Mar/2023:12:07:12 +0000] "POST /api/v1/auth/login HTTP/1.1" 201 427 "-" "PostmanRuntime/7.31.0"
::1 - - [18/Mar/2023:12:12:10 +0000] "POST /api/v1/auth/signup HTTP/1.1" 201 314 "-" "PostmanRuntime/7.31.0"
::1 - - [18/Mar/2023:12:39:27 +0000] "GET /api/v1/user/ HTTP/1.1" 200 622 "-" "PostmanRuntime/7.31.0"
::1 - - [18/Mar/2023:12:39:31 +0000] "GET /api/v1/user HTTP/1.1" 200 622 "-" "PostmanRuntime/7.31.0"
::1 - - [18/Mar/2023:12:42:19 +0000] "POST /api/v1/user/saveThought HTTP/1.1" 404 16 "-" "PostmanRuntime/7.31.0"
::1 - - [18/Mar/2023:12:42:59 +0000] "POST /api/v1/user/saveThought HTTP/1.1" 404 16 "-" "PostmanRuntime/7.31.0"
::1 - - [18/Mar/2023:12:43:04 +0000] "POST /api/v1/user/ HTTP/1.1" 404 16 "-" "PostmanRuntime/7.31.0"
::1 - - [18/Mar/2023:12:43:15 +0000] "POST /api/v1/user HTTP/1.1" 404 16 "-" "PostmanRuntime/7.31.0"
::1 - - [18/Mar/2023:12:43:39 +0000] "POST /api/v1/user HTTP/1.1" 404 16 "-" "PostmanRuntime/7.31.0"
::1 - - [18/Mar/2023:12:43:55 +0000] "GET /api/v1/user HTTP/1.1" 200 622 "-" "PostmanRuntime/7.31.0"
::1 - - [18/Mar/2023:12:44:03 +0000] "POST /api/v1/user/saveThought HTTP/1.1" 404 16 "-" "PostmanRuntime/7.31.0"
::1 - - [18/Mar/2023:12:44:17 +0000] "PATCH /api/v1/user/saveThought HTTP/1.1" 500 31 "-" "PostmanRuntime/7.31.0"
::1 - - [18/Mar/2023:12:47:26 +0000] "PATCH /api/v1/user/saveThought HTTP/1.1" 500 31 "-" "PostmanRuntime/7.31.0"
::1 - - [18/Mar/2023:12:48:19 +0000] "PATCH /api/v1/user/saveThought HTTP/1.1" 500 31 "-" "PostmanRuntime/7.31.0"
::1 - - [18/Mar/2023:12:48:57 +0000] "PATCH /api/v1/user/saveThought HTTP/1.1" 500 31 "-" "PostmanRuntime/7.31.0"
::1 - - [18/Mar/2023:12:49:41 +0000] "PATCH /api/v1/user/saveThought HTTP/1.1" 500 31 "-" "PostmanRuntime/7.31.0"
::1 - - [18/Mar/2023:12:50:09 +0000] "PATCH /api/v1/user/saveThought HTTP/1.1" 500 31 "-" "PostmanRuntime/7.31.0"
::1 - - [18/Mar/2023:12:52:30 +0000] "PATCH /api/v1/user/saveThought HTTP/1.1" 500 31 "-" "PostmanRuntime/7.31.0"
::1 - - [18/Mar/2023:12:52:48 +0000] "PATCH /api/v1/user/opration/savedThought HTTP/1.1" 404 16 "-" "PostmanRuntime/7.31.0"
::1 - - [18/Mar/2023:12:53:02 +0000] "PATCH /api/v1/user/opration/saveThought HTTP/1.1" 500 31 "-" "PostmanRuntime/7.31.0"
::1 - - [18/Mar/2023:12:53:56 +0000] "PATCH /api/v1/user/opration/saveThought HTTP/1.1" 500 31 "-" "PostmanRuntime/7.31.0"
::1 - - [18/Mar/2023:12:54:22 +0000] "PATCH /api/v1/user/opration/saveThought HTTP/1.1" 500 31 "-" "PostmanRuntime/7.31.0"
::1 - - [18/Mar/2023:12:55:18 +0000] "PATCH /api/v1/user/opration/saveThought HTTP/1.1" 500 31 "-" "PostmanRuntime/7.31.0"
::1 - - [18/Mar/2023:12:55:31 +0000] "PATCH /api/v1/user/opration/saveThought HTTP/1.1" 500 31 "-" "PostmanRuntime/7.31.0"
::1 - - [18/Mar/2023:12:56:37 +0000] "PATCH /api/v1/user/opration/saveThought HTTP/1.1" 500 31 "-" "PostmanRuntime/7.31.0"
::1 - - [18/Mar/2023:12:56:55 +0000] "PATCH /api/v1/user/opration/saveThought HTTP/1.1" 500 31 "-" "PostmanRuntime/7.31.0"
::1 - - [18/Mar/2023:12:57:24 +0000] "PATCH /api/v1/user/opration/saveThought HTTP/1.1" 500 31 "-" "PostmanRuntime/7.31.0"
::1 - - [18/Mar/2023:12:57:49 +0000] "PATCH /api/v1/user/opration/saveThought HTTP/1.1" 500 31 "-" "PostmanRuntime/7.31.0"
::1 - - [18/Mar/2023:13:00:31 +0000] "PATCH /api/v1/user/opration/saveThought HTTP/1.1" 500 31 "-" "PostmanRuntime/7.31.0"
::1 - - [18/Mar/2023:13:01:24 +0000] "PATCH /api/v1/user/opration/saveThought HTTP/1.1" 500 31 "-" "PostmanRuntime/7.31.0"
::1 - - [18/Mar/2023:13:01:40 +0000] "PATCH /api/v1/user/opration/saveThought HTTP/1.1" 500 31 "-" "PostmanRuntime/7.31.0"
::1 - - [18/Mar/2023:13:01:59 +0000] "PATCH /api/v1/user/opration/saveThought HTTP/1.1" 500 31 "-" "PostmanRuntime/7.31.0"
::1 - - [18/Mar/2023:13:02:15 +0000] "PATCH /api/v1/user/opration/saveThought HTTP/1.1" 500 31 "-" "PostmanRuntime/7.31.0"
::1 - - [18/Mar/2023:13:02:25 +0000] "PATCH /api/v1/user/opration/saveThought HTTP/1.1" 500 31 "-" "PostmanRuntime/7.31.0"
::1 - - [18/Mar/2023:13:02:41 +0000] "PATCH /api/v1/user/opration/saveThought HTTP/1.1" 500 31 "-" "PostmanRuntime/7.31.0"
::1 - - [18/Mar/2023:13:02:42 +0000] "PATCH /api/v1/user/opration/saveThought HTTP/1.1" 500 31 "-" "PostmanRuntime/7.31.0"
::1 - - [18/Mar/2023:13:03:19 +0000] "PATCH /api/v1/user/opration/saveThought HTTP/1.1" 500 31 "-" "PostmanRuntime/7.31.0"
::1 - - [18/Mar/2023:13:08:21 +0000] "PATCH /api/v1/user/opration/saveThought HTTP/1.1" 500 31 "-" "PostmanRuntime/7.31.0"
::1 - - [18/Mar/2023:13:08:55 +0000] "PATCH /api/v1/user/opration/saveThought HTTP/1.1" 500 31 "-" "PostmanRuntime/7.31.0"
::1 - - [18/Mar/2023:13:09:24 +0000] "PATCH /api/v1/user/opration/saveThought HTTP/1.1" 500 31 "-" "PostmanRuntime/7.31.0"
::1 - - [18/Mar/2023:13:10:33 +0000] "PATCH /api/v1/user/opration/saveThought HTTP/1.1" 500 31 "-" "PostmanRuntime/7.31.0"
::1 - - [18/Mar/2023:13:10:52 +0000] "PATCH /api/v1/user/opration/saveThought HTTP/1.1" 500 31 "-" "PostmanRuntime/7.31.0"
::1 - - [18/Mar/2023:13:11:08 +0000] "PATCH /api/v1/user/opration/saveThought HTTP/1.1" 500 31 "-" "PostmanRuntime/7.31.0"
::1 - - [18/Mar/2023:13:11:33 +0000] "PATCH /api/v1/user/opration/saveThought HTTP/1.1" 500 31 "-" "PostmanRuntime/7.31.0"
::1 - - [18/Mar/2023:13:12:58 +0000] "PATCH /api/v1/user/opration/saveThought HTTP/1.1" 500 31 "-" "PostmanRuntime/7.31.0"
::1 - - [18/Mar/2023:13:14:22 +0000] "PATCH /api/v1/user/opration/saveThought HTTP/1.1" 500 31 "-" "PostmanRuntime/7.31.0"
::1 - - [18/Mar/2023:13:14:43 +0000] "PATCH /api/v1/user/opration/saveThought HTTP/1.1" 500 31 "-" "PostmanRuntime/7.31.0"
::1 - - [18/Mar/2023:13:15:15 +0000] "PATCH /api/v1/user/opration/saveThought HTTP/1.1" 401 32 "-" "PostmanRuntime/7.31.0"
::1 - - [18/Mar/2023:13:16:00 +0000] "PATCH /api/v1/user/opration/saveThought HTTP/1.1" 500 31 "-" "PostmanRuntime/7.31.0"
::1 - - [18/Mar/2023:13:17:26 +0000] "PATCH /api/v1/user/opration/saveThought HTTP/1.1" 500 31 "-" "PostmanRuntime/7.31.0"
::1 - - [18/Mar/2023:13:17:55 +0000] "PATCH /api/v1/user/opration/saveThought HTTP/1.1" 500 31 "-" "PostmanRuntime/7.31.0"
::1 - - [18/Mar/2023:13:18:07 +0000] "PATCH /api/v1/user/opration/saveThought HTTP/1.1" 500 31 "-" "PostmanRuntime/7.31.0"
::1 - - [18/Mar/2023:13:18:58 +0000] "PATCH /api/v1/user/opration/saveThought HTTP/1.1" 500 31 "-" "PostmanRuntime/7.31.0"
::1 - - [18/Mar/2023:13:19:45 +0000] "PATCH /api/v1/user/opration/saveThought HTTP/1.1" 400 39 "-" "PostmanRuntime/7.31.0"
::1 - - [18/Mar/2023:13:21:10 +0000] "PATCH /api/v1/user/opration/saveThought HTTP/1.1" 400 39 "-" "PostmanRuntime/7.31.0"
::1 - - [18/Mar/2023:13:21:24 +0000] "PATCH /api/v1/user/opration/saveThought HTTP/1.1" 400 39 "-" "PostmanRuntime/7.31.0"
::1 - - [18/Mar/2023:13:21:47 +0000] "PATCH /api/v1/user/opration/saveThought HTTP/1.1" 500 31 "-" "PostmanRuntime/7.31.0"
